<?xml version="1.0" encoding="utf-8"?><testsuites><testsuite name="pytest" errors="0" failures="0" skipped="0" tests="3" time="0.207" timestamp="2022-01-28T11:59:03.302246" hostname="NESAX4412439"><testcase classname="tests.unit.common_utils_test.TestClass" name="test_checkSymbols" time="0.008" /><testcase classname="tests.unit.common_utils_test.TestClass" name="test_removeComments" time="0.001" /><testcase classname="tests.unit.common_utils_test.TestClass" name="test_costProrating" time="0.000" /></testsuite></testsuites>